\u26a0  DATABASE_URL not set — using SQLite (dev only)
\u26a0  WARNING: SECRET_KEY not set — using insecure dev default.
INFO:     Started server process [10156]
INFO:     Waiting for application startup.
INFO:     Application startup complete.
INFO:     Uvicorn running on http://127.0.0.1:8000 (Press CTRL+C to quit)
{"timestamp": "2026-04-21T03:05:23.574195+00:00", "level": "INFO", "logger": "ems", "message": "AUDIT: LOGIN", "request_id": "c24a9151-2cd2-40a3-be17-85bc0ba0e6bd", "user_id": 0, "action": "LOGIN"}
{"timestamp": "2026-04-21T03:05:23.577778+00:00", "level": "INFO", "logger": "ems", "message": "POST /api/auth/login 200 360ms", "request_id": "c24a9151-2cd2-40a3-be17-85bc0ba0e6bd", "user_id": 0, "duration_ms": 360, "status_code": 200, "path": "/api/auth/login", "method": "POST"}
C:\Users\DELL\Desktop\PROJEXT\opt\ems_system\backend\routers\dashboard.py:24: SAWarning: Coercing Subquery object into a select() for use in IN(); please pass a select() construct explicitly
  models.Section.id.in_(scheduled_ids),
{"timestamp": "2026-04-21T03:05:23.671089+00:00", "level": "INFO", "logger": "ems", "message": "GET /api/period/active 200 48ms", "request_id": "3f036fe0-c560-47dc-9c41-8d001b777c30", "user_id": 0, "duration_ms": 48, "status_code": 200, "path": "/api/period/active", "method": "GET"}
{"timestamp": "2026-04-21T03:05:23.686940+00:00", "level": "INFO", "logger": "ems", "message": "GET /api/dashboard/analytics 200 64ms", "request_id": "250ebdcf-11af-434e-b1d8-bff212ad015f", "user_id": 0, "duration_ms": 64, "status_code": 200, "path": "/api/dashboard/analytics", "method": "GET"}
{"timestamp": "2026-04-21T03:05:23.700752+00:00", "level": "INFO", "logger": "ems", "message": "GET /api/dashboard/ 200 78ms", "request_id": "44adf5de-62f9-4764-b1f3-8859b12ab3d3", "user_id": 0, "duration_ms": 78, "status_code": 200, "path": "/api/dashboard/", "method": "GET"}
{"timestamp": "2026-04-21T03:05:24.788360+00:00", "level": "INFO", "logger": "ems", "message": "GET /api/auth/me 200 3ms", "request_id": "315e2a11-da3c-45fd-ac18-5b516586300b", "user_id": 0, "duration_ms": 3, "status_code": 200, "path": "/api/auth/me", "method": "GET"}
{"timestamp": "2026-04-21T03:05:24.816192+00:00", "level": "INFO", "logger": "ems", "message": "GET /api/period/active 200 4ms", "request_id": "a993d988-255b-485d-8da5-1414da5c515a", "user_id": 0, "duration_ms": 4, "status_code": 200, "path": "/api/period/active", "method": "GET"}
{"timestamp": "2026-04-21T03:08:00.490509+00:00", "level": "INFO", "logger": "ems", "message": "AUDIT: LOGIN", "request_id": "7368fb17-a6bd-4135-83ef-8267306bc60d", "user_id": 0, "action": "LOGIN"}
{"timestamp": "2026-04-21T03:08:00.491450+00:00", "level": "INFO", "logger": "ems", "message": "POST /api/auth/login 200 277ms", "request_id": "7368fb17-a6bd-4135-83ef-8267306bc60d", "user_id": 0, "duration_ms": 277, "status_code": 200, "path": "/api/auth/login", "method": "POST"}
{"timestamp": "2026-04-21T03:08:00.553833+00:00", "level": "INFO", "logger": "ems", "message": "GET /api/period/active 200 12ms", "request_id": "26a34975-1627-47b8-a068-3c1641151813", "user_id": 0, "duration_ms": 12, "status_code": 200, "path": "/api/period/active", "method": "GET"}
{"timestamp": "2026-04-21T03:08:00.566202+00:00", "level": "INFO", "logger": "ems", "message": "GET /api/dashboard/analytics 200 25ms", "request_id": "7a37914f-3054-43a1-a560-13b25c4a6ec7", "user_id": 0, "duration_ms": 25, "status_code": 200, "path": "/api/dashboard/analytics", "method": "GET"}
{"timestamp": "2026-04-21T03:08:00.568372+00:00", "level": "INFO", "logger": "ems", "message": "GET /api/dashboard/ 200 28ms", "request_id": "d20c89a7-26b6-4b7d-b528-267c7ffb72a0", "user_id": 0, "duration_ms": 28, "status_code": 200, "path": "/api/dashboard/", "method": "GET"}
{"timestamp": "2026-04-21T03:08:07.220800+00:00", "level": "WARNING", "logger": "ems", "message": "GET /api/schedule 404 1ms", "request_id": "e4ee49ea-eb6c-4bf8-863e-757f2b9cf43c", "user_id": 0, "duration_ms": 1, "status_code": 404, "path": "/api/schedule", "method": "GET"}
{"timestamp": "2026-04-21T03:08:07.356206+00:00", "level": "INFO", "logger": "ems", "message": "GET /api/courses/rooms 200 18ms", "request_id": "5e248f57-4f03-47f9-a36c-8f3c1f82d2e2", "user_id": 0, "duration_ms": 18, "status_code": 200, "path": "/api/courses/rooms", "method": "GET"}
{"timestamp": "2026-04-21T03:08:08.180974+00:00", "level": "WARNING", "logger": "ems", "message": "GET /api/submissions 404 0ms", "request_id": "fa7ec1ce-c7ba-40a9-a282-6514bf4a238c", "user_id": 0, "duration_ms": 0, "status_code": 404, "path": "/api/submissions", "method": "GET"}
{"timestamp": "2026-04-21T03:08:12.564345+00:00", "level": "WARNING", "logger": "ems", "message": "GET /api/settings 404 0ms", "request_id": "3ba5c6d7-33c7-4992-8daf-9d8280b8231d", "user_id": 0, "duration_ms": 0, "status_code": 404, "path": "/api/settings", "method": "GET"}
{"timestamp": "2026-04-21T03:08:17.580316+00:00", "level": "WARNING", "logger": "ems", "message": "GET /api/users 404 0ms", "request_id": "3074237c-25fb-46c7-b784-5d44ae37690b", "user_id": 0, "duration_ms": 0, "status_code": 404, "path": "/api/users", "method": "GET"}
{"timestamp": "2026-04-21T03:08:18.581736+00:00", "level": "WARNING", "logger": "ems", "message": "GET /api/users 404 0ms", "request_id": "1915dfda-8ed6-4312-9a93-dccf8a782290", "user_id": 0, "duration_ms": 0, "status_code": 404, "path": "/api/users", "method": "GET"}
{"timestamp": "2026-04-21T03:08:29.403943+00:00", "level": "INFO", "logger": "ems", "message": "GET /api/dashboard/ 200 16ms", "request_id": "b23baf8d-ed6e-4fb5-8b3c-f457bd40dc93", "user_id": 0, "duration_ms": 16, "status_code": 200, "path": "/api/dashboard/", "method": "GET"}
{"timestamp": "2026-04-21T03:08:29.719340+00:00", "level": "INFO", "logger": "ems", "message": "GET /api/dashboard/analytics 200 14ms", "request_id": "32b96b88-587e-4747-bf58-3af11b146d79", "user_id": 0, "duration_ms": 14, "status_code": 200, "path": "/api/dashboard/analytics", "method": "GET"}
{"timestamp": "2026-04-21T03:08:31.214157+00:00", "level": "WARNING", "logger": "ems", "message": "GET /api/schedule 404 0ms", "request_id": "37e85350-30c9-470b-a82f-4c2da1c6af70", "user_id": 0, "duration_ms": 0, "status_code": 404, "path": "/api/schedule", "method": "GET"}
{"timestamp": "2026-04-21T03:08:31.218812+00:00", "level": "INFO", "logger": "ems", "message": "GET /api/courses/rooms 200 5ms", "request_id": "76314581-b5b7-4cd5-b196-c6ccaf2ed920", "user_id": 0, "duration_ms": 5, "status_code": 200, "path": "/api/courses/rooms", "method": "GET"}
{"timestamp": "2026-04-21T03:08:31.810086+00:00", "level": "WARNING", "logger": "ems", "message": "GET /api/submissions 404 1ms", "request_id": "e4e0be94-2017-4db7-b608-efdb1e6d5bc9", "user_id": 0, "duration_ms": 1, "status_code": 404, "path": "/api/submissions", "method": "GET"}
{"timestamp": "2026-04-21T03:08:33.250720+00:00", "level": "WARNING", "logger": "ems", "message": "GET /api/schedule 404 1ms", "request_id": "3f488acb-e131-4f1a-b3cd-5815c74615ce", "user_id": 0, "duration_ms": 1, "status_code": 404, "path": "/api/schedule", "method": "GET"}
{"timestamp": "2026-04-21T03:08:33.841059+00:00", "level": "WARNING", "logger": "ems", "message": "GET /api/submissions 404 0ms", "request_id": "3c7182f3-7899-441b-b403-1850559081d1", "user_id": 0, "duration_ms": 0, "status_code": 404, "path": "/api/submissions", "method": "GET"}
{"timestamp": "2026-04-21T03:08:52.145607+00:00", "level": "INFO", "logger": "ems", "message": "GET /api/swaps2/waiting 200 79ms", "request_id": "253ee9fc-6461-4095-ab6e-f81cdf31d802", "user_id": 0, "duration_ms": 79, "status_code": 200, "path": "/api/swaps2/waiting", "method": "GET"}
{"timestamp": "2026-04-21T03:08:52.148137+00:00", "level": "INFO", "logger": "ems", "message": "GET /api/swaps2/my 200 91ms", "request_id": "6e139513-ba10-4034-8f7f-12b7689a1689", "user_id": 0, "duration_ms": 91, "status_code": 200, "path": "/api/swaps2/my", "method": "GET"}
{"timestamp": "2026-04-21T03:08:54.660478+00:00", "level": "WARNING", "logger": "ems", "message": "GET /api/schedule 404 1ms", "request_id": "e84a4f1a-62c9-4f0c-84fb-563ec494f933", "user_id": 0, "duration_ms": 1, "status_code": 404, "path": "/api/schedule", "method": "GET"}
{"timestamp": "2026-04-21T03:08:58.739151+00:00", "level": "WARNING", "logger": "ems", "message": "GET /api/schedule 404 1ms", "request_id": "883b7414-4e72-4f66-99f2-0e57d478f7bd", "user_id": 0, "duration_ms": 1, "status_code": 404, "path": "/api/schedule", "method": "GET"}
{"timestamp": "2026-04-21T03:09:00.625322+00:00", "level": "WARNING", "logger": "ems", "message": "GET /api/submissions 404 0ms", "request_id": "7594c45e-5fbf-4776-aa00-c708a85972e5", "user_id": 0, "duration_ms": 0, "status_code": 404, "path": "/api/submissions", "method": "GET"}
{"timestamp": "2026-04-21T03:09:05.338400+00:00", "level": "WARNING", "logger": "ems", "message": "GET /api/schedule 404 1ms", "request_id": "0f0121f4-9b20-4db0-93c9-def0c4e10ee4", "user_id": 0, "duration_ms": 1, "status_code": 404, "path": "/api/schedule", "method": "GET"}
{"timestamp": "2026-04-21T03:09:06.394222+00:00", "level": "WARNING", "logger": "ems", "message": "GET /api/schedule 404 2ms", "request_id": "7287eb4e-da6a-4752-928a-ab85f6cf7ed2", "user_id": 0, "duration_ms": 2, "status_code": 404, "path": "/api/schedule", "method": "GET"}
{"timestamp": "2026-04-21T03:09:07.654877+00:00", "level": "WARNING", "logger": "ems", "message": "GET /api/submissions 404 1ms", "request_id": "e30d3c06-466e-4181-998b-41bcda1a67f2", "user_id": 0, "duration_ms": 1, "status_code": 404, "path": "/api/submissions", "method": "GET"}
{"timestamp": "2026-04-21T03:09:12.007967+00:00", "level": "WARNING", "logger": "ems", "message": "GET /api/schedule 404 0ms", "request_id": "e92858b2-2d6d-46a2-b1b9-4237dc51f129", "user_id": 0, "duration_ms": 0, "status_code": 404, "path": "/api/schedule", "method": "GET"}
{"timestamp": "2026-04-21T03:09:12.889532+00:00", "level": "WARNING", "logger": "ems", "message": "GET /api/submissions 404 1ms", "request_id": "71573578-2dc0-4393-bb44-c0eee771c532", "user_id": 0, "duration_ms": 1, "status_code": 404, "path": "/api/submissions", "method": "GET"}
{"timestamp": "2026-04-21T03:09:16.967074+00:00", "level": "WARNING", "logger": "ems", "message": "GET /api/submissions 404 0ms", "request_id": "040cdda1-5c53-4bca-baba-1b68b92dd180", "user_id": 0, "duration_ms": 0, "status_code": 404, "path": "/api/submissions", "method": "GET"}
{"timestamp": "2026-04-21T03:09:20.248235+00:00", "level": "WARNING", "logger": "ems", "message": "GET /api/schedule 404 7ms", "request_id": "0e7bc687-48c2-4f70-84cc-cfb4f663e974", "user_id": 0, "duration_ms": 7, "status_code": 404, "path": "/api/schedule", "method": "GET"}
{"timestamp": "2026-04-21T03:09:20.256264+00:00", "level": "INFO", "logger": "ems", "message": "GET /api/courses/rooms 200 15ms", "request_id": "15eb3369-8c38-4fed-854a-904d95b862a2", "user_id": 0, "duration_ms": 15, "status_code": 200, "path": "/api/courses/rooms", "method": "GET"}
{"timestamp": "2026-04-21T03:09:27.555282+00:00", "level": "WARNING", "logger": "ems", "message": "GET /api/submissions 404 0ms", "request_id": "e0027106-8cc9-4d9f-afd2-1a66d39ec62e", "user_id": 0, "duration_ms": 0, "status_code": 404, "path": "/api/submissions", "method": "GET"}
{"timestamp": "2026-04-21T03:09:29.924812+00:00", "level": "INFO", "logger": "ems", "message": "GET /api/workflow/session/signers 200 27ms", "request_id": "a2b11e92-0859-420d-a6ab-bc43f255f122", "user_id": 0, "duration_ms": 27, "status_code": 200, "path": "/api/workflow/session/signers", "method": "GET"}
{"timestamp": "2026-04-21T03:09:29.928791+00:00", "level": "INFO", "logger": "ems", "message": "GET /api/workflow/session/ 200 38ms", "request_id": "616fa1fa-4b79-4104-863f-e6b4db9da783", "user_id": 0, "duration_ms": 38, "status_code": 200, "path": "/api/workflow/session/", "method": "GET"}
{"timestamp": "2026-04-21T03:09:39.814843+00:00", "level": "INFO", "logger": "ems", "message": "AUDIT: SIGN_R1_SLOT1", "request_id": "a0b0edba-2f9f-457e-8425-f0ddae9b02b8", "user_id": 0, "action": "SIGN_R1_SLOT1"}
{"timestamp": "2026-04-21T03:09:39.816338+00:00", "level": "INFO", "logger": "ems", "message": "POST /api/workflow/session/sign 200 27ms", "request_id": "a0b0edba-2f9f-457e-8425-f0ddae9b02b8", "user_id": 0, "duration_ms": 27, "status_code": 200, "path": "/api/workflow/session/sign", "method": "POST"}
{"timestamp": "2026-04-21T03:09:40.158078+00:00", "level": "INFO", "logger": "ems", "message": "GET /api/workflow/session/signers 200 19ms", "request_id": "749ede5f-3a54-4ff1-897e-e9e047afcb25", "user_id": 0, "duration_ms": 19, "status_code": 200, "path": "/api/workflow/session/signers", "method": "GET"}
{"timestamp": "2026-04-21T03:09:40.163152+00:00", "level": "INFO", "logger": "ems", "message": "GET /api/workflow/session/ 200 21ms", "request_id": "03cc385c-4074-49fd-bf67-9b2b3e5d0114", "user_id": 0, "duration_ms": 21, "status_code": 200, "path": "/api/workflow/session/", "method": "GET"}
{"timestamp": "2026-04-21T03:09:41.869353+00:00", "level": "WARNING", "logger": "ems", "message": "POST /api/workflow/session/sign 400 8ms", "request_id": "d1cf2037-d772-411d-98be-83b4ce5a723e", "user_id": 0, "duration_ms": 8, "status_code": 400, "path": "/api/workflow/session/sign", "method": "POST"}
{"timestamp": "2026-04-21T03:09:44.482353+00:00", "level": "WARNING", "logger": "ems", "message": "POST /api/workflow/session/open-swap 400 13ms", "request_id": "c797129e-0785-46f0-a3c0-1dbf12ea6e2f", "user_id": 0, "duration_ms": 13, "status_code": 400, "path": "/api/workflow/session/open-swap", "method": "POST"}
{"timestamp": "2026-04-21T03:09:58.803372+00:00", "level": "INFO", "logger": "ems", "message": "GET /api/schedule/copy-count 200 25ms", "request_id": "a98e03b1-680f-4424-89b7-eec27acaa868", "user_id": 0, "duration_ms": 25, "status_code": 200, "path": "/api/schedule/copy-count", "method": "GET"}
{"timestamp": "2026-04-21T03:10:07.131702+00:00", "level": "WARNING", "logger": "ems", "message": "GET /api/users 404 1ms", "request_id": "463b897c-6708-4d7e-8138-258d015d0a56", "user_id": 0, "duration_ms": 1, "status_code": 404, "path": "/api/users", "method": "GET"}
{"timestamp": "2026-04-21T03:11:57.988944+00:00", "level": "WARNING", "logger": "ems", "message": "GET /api/users 404 1ms", "request_id": "c7da7a79-d7da-4ea8-a47c-2090ca730019", "user_id": 0, "duration_ms": 1, "status_code": 404, "path": "/api/users", "method": "GET"}
{"timestamp": "2026-04-21T03:12:05.175337+00:00", "level": "INFO", "logger": "ems", "message": "GET /api/swaps2/my 200 5ms", "request_id": "697adfaf-ba46-4426-beeb-08b8bf367c15", "user_id": 0, "duration_ms": 5, "status_code": 200, "path": "/api/swaps2/my", "method": "GET"}
{"timestamp": "2026-04-21T03:12:05.501327+00:00", "level": "INFO", "logger": "ems", "message": "GET /api/swaps2/waiting 200 14ms", "request_id": "151fdb5c-d596-4a27-8def-9061c9876b37", "user_id": 0, "duration_ms": 14, "status_code": 200, "path": "/api/swaps2/waiting", "method": "GET"}
{"timestamp": "2026-04-21T03:12:40.599603+00:00", "level": "INFO", "logger": "ems", "message": "GET /api/auth/me 200 7ms", "request_id": "9c5f2f5b-645c-4324-99d9-773aeadce476", "user_id": 0, "duration_ms": 7, "status_code": 200, "path": "/api/auth/me", "method": "GET"}
{"timestamp": "2026-04-21T03:12:40.641556+00:00", "level": "INFO", "logger": "ems", "message": "GET /api/dashboard/ 200 9ms", "request_id": "3371f64f-5e4f-4aff-b26d-58c52f600ff7", "user_id": 0, "duration_ms": 9, "status_code": 200, "path": "/api/dashboard/", "method": "GET"}
{"timestamp": "2026-04-21T03:12:40.737420+00:00", "level": "INFO", "logger": "ems", "message": "GET /api/dashboard/analytics 200 19ms", "request_id": "c471f070-8a30-46e6-b24e-766ad123573c", "user_id": 0, "duration_ms": 19, "status_code": 200, "path": "/api/dashboard/analytics", "method": "GET"}
{"timestamp": "2026-04-21T03:12:40.828417+00:00", "level": "INFO", "logger": "ems", "message": "GET /api/period/active 200 9ms", "request_id": "8e5c179d-7415-41e3-b11d-311117b506a3", "user_id": 0, "duration_ms": 9, "status_code": 200, "path": "/api/period/active", "method": "GET"}
{"timestamp": "2026-04-21T03:12:46.573945+00:00", "level": "INFO", "logger": "ems", "message": "GET /api/auth/me 200 13ms", "request_id": "2c842080-8cb9-410c-a72c-e6b260a08bf8", "user_id": 0, "duration_ms": 13, "status_code": 200, "path": "/api/auth/me", "method": "GET"}
{"timestamp": "2026-04-21T03:12:46.710953+00:00", "level": "INFO", "logger": "ems", "message": "GET /api/dashboard/analytics 200 57ms", "request_id": "55b95c40-8f23-45e0-b6b9-e02b78b06cee", "user_id": 0, "duration_ms": 57, "status_code": 200, "path": "/api/dashboard/analytics", "method": "GET"}
{"timestamp": "2026-04-21T03:12:46.722030+00:00", "level": "INFO", "logger": "ems", "message": "GET /api/dashboard/ 200 69ms", "request_id": "4adac520-fdbd-4d40-bdaf-18b0a1ce2f40", "user_id": 0, "duration_ms": 69, "status_code": 200, "path": "/api/dashboard/", "method": "GET"}
{"timestamp": "2026-04-21T03:12:46.767993+00:00", "level": "INFO", "logger": "ems", "message": "GET /api/period/active 200 9ms", "request_id": "da540745-9b64-4e2e-8300-1fb1b1729b65", "user_id": 0, "duration_ms": 9, "status_code": 200, "path": "/api/period/active", "method": "GET"}
{"timestamp": "2026-04-21T03:12:49.133334+00:00", "level": "INFO", "logger": "ems", "message": "AUDIT: LOGOUT", "request_id": "b8530643-a274-4a92-8857-1ec58f0bd43a", "user_id": 0, "action": "LOGOUT"}
{"timestamp": "2026-04-21T03:12:49.134031+00:00", "level": "INFO", "logger": "ems", "message": "POST /api/auth/logout 200 17ms", "request_id": "b8530643-a274-4a92-8857-1ec58f0bd43a", "user_id": 0, "duration_ms": 17, "status_code": 200, "path": "/api/auth/logout", "method": "POST"}
{"timestamp": "2026-04-21T03:12:54.769784+00:00", "level": "INFO", "logger": "ems", "message": "AUDIT: LOGIN", "request_id": "3208bc70-b858-4bcd-b6a6-fc6e6d8f8836", "user_id": 0, "action": "LOGIN"}
{"timestamp": "2026-04-21T03:12:54.770878+00:00", "level": "INFO", "logger": "ems", "message": "POST /api/auth/login 200 280ms", "request_id": "3208bc70-b858-4bcd-b6a6-fc6e6d8f8836", "user_id": 0, "duration_ms": 280, "status_code": 200, "path": "/api/auth/login", "method": "POST"}
{"timestamp": "2026-04-21T03:12:54.813764+00:00", "level": "INFO", "logger": "ems", "message": "GET /api/printing/queue 200 22ms", "request_id": "beb8087c-5e9b-44ae-ac8e-41fe3495500d", "user_id": 0, "duration_ms": 22, "status_code": 200, "path": "/api/printing/queue", "method": "GET"}
{"timestamp": "2026-04-21T03:12:55.120842+00:00", "level": "INFO", "logger": "ems", "message": "GET /api/period/active 200 15ms", "request_id": "b2bfae59-a42e-4abc-a6c3-efe2488c1984", "user_id": 0, "duration_ms": 15, "status_code": 200, "path": "/api/period/active", "method": "GET"}
{"timestamp": "2026-04-21T03:12:55.136070+00:00", "level": "INFO", "logger": "ems", "message": "GET /api/schedule/copy-count 200 31ms", "request_id": "f532a84e-5762-4cfb-9c0f-12f979dd912b", "user_id": 0, "duration_ms": 31, "status_code": 200, "path": "/api/schedule/copy-count", "method": "GET"}
{"timestamp": "2026-04-21T03:13:30.743623+00:00", "level": "INFO", "logger": "ems", "message": "AUDIT: VIEW_AS_CHANGE", "request_id": "a2918703-ce31-4081-8983-70217be7e5a8", "user_id": 0, "action": "VIEW_AS_CHANGE"}
{"timestamp": "2026-04-21T03:13:30.744878+00:00", "level": "INFO", "logger": "ems", "message": "POST /api/auth/view-as 200 19ms", "request_id": "a2918703-ce31-4081-8983-70217be7e5a8", "user_id": 0, "duration_ms": 19, "status_code": 200, "path": "/api/auth/view-as", "method": "POST"}
{"timestamp": "2026-04-21T03:13:31.080669+00:00", "level": "INFO", "logger": "ems", "message": "GET /api/auth/me 200 9ms", "request_id": "68183778-2f08-4f4a-8d52-c97cdf711f7c", "user_id": 0, "duration_ms": 9, "status_code": 200, "path": "/api/auth/me", "method": "GET"}
{"timestamp": "2026-04-21T03:13:31.341172+00:00", "level": "INFO", "logger": "ems", "message": "GET /api/period/active 200 4ms", "request_id": "ff303dd7-e067-4b12-8a6d-18a908658425", "user_id": 0, "duration_ms": 4, "status_code": 200, "path": "/api/period/active", "method": "GET"}
{"timestamp": "2026-04-21T03:13:34.406178+00:00", "level": "INFO", "logger": "ems", "message": "AUDIT: VIEW_AS_CHANGE", "request_id": "cafaad07-ce5e-45ee-bf08-c162ed580f8a", "user_id": 0, "action": "VIEW_AS_CHANGE"}
{"timestamp": "2026-04-21T03:13:34.407281+00:00", "level": "INFO", "logger": "ems", "message": "POST /api/auth/view-as 200 17ms", "request_id": "cafaad07-ce5e-45ee-bf08-c162ed580f8a", "user_id": 0, "duration_ms": 17, "status_code": 200, "path": "/api/auth/view-as", "method": "POST"}
{"timestamp": "2026-04-21T03:13:34.740948+00:00", "level": "INFO", "logger": "ems", "message": "GET /api/auth/me 200 5ms", "request_id": "22ad2d92-00a4-4c6e-b28c-45ae45e71270", "user_id": 0, "duration_ms": 5, "status_code": 200, "path": "/api/auth/me", "method": "GET"}
{"timestamp": "2026-04-21T03:13:35.004365+00:00", "level": "INFO", "logger": "ems", "message": "GET /api/period/active 200 11ms", "request_id": "dcb03e8e-346a-456d-8787-23994a4d14fa", "user_id": 0, "duration_ms": 11, "status_code": 200, "path": "/api/period/active", "method": "GET"}
{"timestamp": "2026-04-21T03:13:35.990426+00:00", "level": "INFO", "logger": "ems", "message": "AUDIT: VIEW_AS_CHANGE", "request_id": "1d956eea-ccb8-412a-a4d5-767f0a93bf5f", "user_id": 0, "action": "VIEW_AS_CHANGE"}
{"timestamp": "2026-04-21T03:13:35.991557+00:00", "level": "INFO", "logger": "ems", "message": "POST /api/auth/view-as 200 18ms", "request_id": "1d956eea-ccb8-412a-a4d5-767f0a93bf5f", "user_id": 0, "duration_ms": 18, "status_code": 200, "path": "/api/auth/view-as", "method": "POST"}
{"timestamp": "2026-04-21T03:13:36.329395+00:00", "level": "INFO", "logger": "ems", "message": "GET /api/auth/me 200 7ms", "request_id": "a0ee0b47-3d58-4696-9da4-8bf3ef1185a8", "user_id": 0, "duration_ms": 7, "status_code": 200, "path": "/api/auth/me", "method": "GET"}
{"timestamp": "2026-04-21T03:13:36.580429+00:00", "level": "INFO", "logger": "ems", "message": "GET /api/period/active 200 9ms", "request_id": "4702bf84-9f46-473c-8126-d7e7758f4eac", "user_id": 0, "duration_ms": 9, "status_code": 200, "path": "/api/period/active", "method": "GET"}
{"timestamp": "2026-04-21T03:13:37.951348+00:00", "level": "INFO", "logger": "ems", "message": "AUDIT: VIEW_AS_CHANGE", "request_id": "458e9ad3-27ba-469d-bce3-32029b80f5cd", "user_id": 0, "action": "VIEW_AS_CHANGE"}
{"timestamp": "2026-04-21T03:13:37.952069+00:00", "level": "INFO", "logger": "ems", "message": "POST /api/auth/view-as 200 12ms", "request_id": "458e9ad3-27ba-469d-bce3-32029b80f5cd", "user_id": 0, "duration_ms": 12, "status_code": 200, "path": "/api/auth/view-as", "method": "POST"}
{"timestamp": "2026-04-21T03:13:38.274115+00:00", "level": "INFO", "logger": "ems", "message": "GET /api/auth/me 200 5ms", "request_id": "d75a02b4-6aa9-4388-81ef-3c82364cdb59", "user_id": 0, "duration_ms": 5, "status_code": 200, "path": "/api/auth/me", "method": "GET"}
{"timestamp": "2026-04-21T03:13:38.525173+00:00", "level": "INFO", "logger": "ems", "message": "GET /api/period/active 200 4ms", "request_id": "55251d57-c426-4105-8a82-3b42d7726346", "user_id": 0, "duration_ms": 4, "status_code": 200, "path": "/api/period/active", "method": "GET"}
{"timestamp": "2026-04-21T03:13:39.567787+00:00", "level": "INFO", "logger": "ems", "message": "AUDIT: VIEW_AS_CHANGE", "request_id": "273644d1-71e9-4580-b55c-44d96b5866d7", "user_id": 0, "action": "VIEW_AS_CHANGE"}
{"timestamp": "2026-04-21T03:13:39.568602+00:00", "level": "INFO", "logger": "ems", "message": "POST /api/auth/view-as 200 17ms", "request_id": "273644d1-71e9-4580-b55c-44d96b5866d7", "user_id": 0, "duration_ms": 17, "status_code": 200, "path": "/api/auth/view-as", "method": "POST"}
{"timestamp": "2026-04-21T03:13:39.899345+00:00", "level": "INFO", "logger": "ems", "message": "GET /api/auth/me 200 12ms", "request_id": "f0fa512f-f0fd-44eb-b6e2-c7843cba0607", "user_id": 0, "duration_ms": 12, "status_code": 200, "path": "/api/auth/me", "method": "GET"}
{"timestamp": "2026-04-21T03:13:40.150481+00:00", "level": "INFO", "logger": "ems", "message": "GET /api/period/active 200 9ms", "request_id": "c154fbc3-d3eb-4716-924b-4c338ce96581", "user_id": 0, "duration_ms": 9, "status_code": 200, "path": "/api/period/active", "method": "GET"}
{"timestamp": "2026-04-21T03:13:44.268203+00:00", "level": "INFO", "logger": "ems", "message": "AUDIT: VIEW_AS_CHANGE", "request_id": "cc398041-d432-491e-807d-bcf0b2d3da3e", "user_id": 0, "action": "VIEW_AS_CHANGE"}
{"timestamp": "2026-04-21T03:13:44.268943+00:00", "level": "INFO", "logger": "ems", "message": "POST /api/auth/view-as 200 15ms", "request_id": "cc398041-d432-491e-807d-bcf0b2d3da3e", "user_id": 0, "duration_ms": 15, "status_code": 200, "path": "/api/auth/view-as", "method": "POST"}
{"timestamp": "2026-04-21T03:13:44.601053+00:00", "level": "INFO", "logger": "ems", "message": "GET /api/auth/me 200 13ms", "request_id": "3872e60f-6d3b-4736-880a-17f4ddd01154", "user_id": 0, "duration_ms": 13, "status_code": 200, "path": "/api/auth/me", "method": "GET"}
{"timestamp": "2026-04-21T03:13:44.859085+00:00", "level": "INFO", "logger": "ems", "message": "GET /api/period/active 200 4ms", "request_id": "7610b7f9-429d-42ad-bc40-7c1ad0cd77cc", "user_id": 0, "duration_ms": 4, "status_code": 200, "path": "/api/period/active", "method": "GET"}
{"timestamp": "2026-04-21T03:13:49.252214+00:00", "level": "INFO", "logger": "ems", "message": "AUDIT: VIEW_AS_CHANGE", "request_id": "7ba4309e-fd80-40d5-8d79-781a4335033d", "user_id": 0, "action": "VIEW_AS_CHANGE"}
{"timestamp": "2026-04-21T03:13:49.253126+00:00", "level": "INFO", "logger": "ems", "message": "POST /api/auth/view-as 200 15ms", "request_id": "7ba4309e-fd80-40d5-8d79-781a4335033d", "user_id": 0, "duration_ms": 15, "status_code": 200, "path": "/api/auth/view-as", "method": "POST"}
{"timestamp": "2026-04-21T03:13:49.574773+00:00", "level": "INFO", "logger": "ems", "message": "GET /api/auth/me 200 5ms", "request_id": "80dfa7d2-0294-4a98-97d3-283452b9daf7", "user_id": 0, "duration_ms": 5, "status_code": 200, "path": "/api/auth/me", "method": "GET"}
{"timestamp": "2026-04-21T03:13:49.847042+00:00", "level": "INFO", "logger": "ems", "message": "GET /api/period/active 200 11ms", "request_id": "cf51dbb7-d6e0-46f9-93c4-4c9474d65683", "user_id": 0, "duration_ms": 11, "status_code": 200, "path": "/api/period/active", "method": "GET"}
{"timestamp": "2026-04-21T03:13:57.654936+00:00", "level": "INFO", "logger": "ems", "message": "AUDIT: VIEW_AS_CHANGE", "request_id": "07314ff9-88b0-415c-89f2-54d7aae5c2fc", "user_id": 0, "action": "VIEW_AS_CHANGE"}
{"timestamp": "2026-04-21T03:13:57.656166+00:00", "level": "INFO", "logger": "ems", "message": "POST /api/auth/view-as 200 18ms", "request_id": "07314ff9-88b0-415c-89f2-54d7aae5c2fc", "user_id": 0, "duration_ms": 18, "status_code": 200, "path": "/api/auth/view-as", "method": "POST"}
{"timestamp": "2026-04-21T03:13:57.983909+00:00", "level": "INFO", "logger": "ems", "message": "GET /api/auth/me 200 11ms", "request_id": "f461e03f-b8e7-4d46-aed5-f8356808a786", "user_id": 0, "duration_ms": 11, "status_code": 200, "path": "/api/auth/me", "method": "GET"}
{"timestamp": "2026-04-21T03:13:58.240146+00:00", "level": "INFO", "logger": "ems", "message": "GET /api/period/active 200 3ms", "request_id": "b3897df5-fedb-41c6-9d49-f67939ae06d4", "user_id": 0, "duration_ms": 3, "status_code": 200, "path": "/api/period/active", "method": "GET"}
{"timestamp": "2026-04-21T03:14:07.019416+00:00", "level": "INFO", "logger": "ems", "message": "GET /api/dashboard/ 200 16ms", "request_id": "102fd72d-e751-465b-a0e1-87621065a59e", "user_id": 0, "duration_ms": 16, "status_code": 200, "path": "/api/dashboard/", "method": "GET"}
{"timestamp": "2026-04-21T03:14:07.325416+00:00", "level": "INFO", "logger": "ems", "message": "GET /api/dashboard/analytics 200 9ms", "request_id": "d92ae454-594f-4bba-9989-98429a72114d", "user_id": 0, "duration_ms": 9, "status_code": 200, "path": "/api/dashboard/analytics", "method": "GET"}
{"timestamp": "2026-04-21T03:18:10.292431+00:00", "level": "WARNING", "logger": "ems", "message": "GET /api/schedule 404 1ms", "request_id": "ae3a0966-f137-474d-a07c-04202189bcd8", "user_id": 0, "duration_ms": 1, "status_code": 404, "path": "/api/schedule", "method": "GET"}
{"timestamp": "2026-04-21T03:18:10.306035+00:00", "level": "INFO", "logger": "ems", "message": "GET /api/courses/rooms 200 17ms", "request_id": "d5a9bbbb-5793-4cb0-b779-e54dc94eabd0", "user_id": 0, "duration_ms": 17, "status_code": 200, "path": "/api/courses/rooms", "method": "GET"}
{"timestamp": "2026-04-21T03:18:16.564123+00:00", "level": "WARNING", "logger": "ems", "message": "GET /api/submissions 404 0ms", "request_id": "67305ed0-b71a-488e-8017-c9930d41ee1b", "user_id": 0, "duration_ms": 0, "status_code": 404, "path": "/api/submissions", "method": "GET"}
{"timestamp": "2026-04-21T03:18:22.072712+00:00", "level": "WARNING", "logger": "ems", "message": "GET /api/schedule 404 1ms", "request_id": "9d50e2e3-0c48-4ee2-b937-7b7b0b5342f8", "user_id": 0, "duration_ms": 1, "status_code": 404, "path": "/api/schedule", "method": "GET"}
{"timestamp": "2026-04-21T03:18:27.699265+00:00", "level": "WARNING", "logger": "ems", "message": "GET /api/schedule 404 0ms", "request_id": "532cc8fe-b980-4412-876e-0c8e71ae01b2", "user_id": 0, "duration_ms": 0, "status_code": 404, "path": "/api/schedule", "method": "GET"}
{"timestamp": "2026-04-21T03:18:31.342247+00:00", "level": "INFO", "logger": "ems", "message": "GET /api/swaps2/waiting 200 17ms", "request_id": "905d4ce4-9d7f-4076-9bbb-f3bded7cc2c0", "user_id": 0, "duration_ms": 17, "status_code": 200, "path": "/api/swaps2/waiting", "method": "GET"}
{"timestamp": "2026-04-21T03:18:31.349762+00:00", "level": "INFO", "logger": "ems", "message": "GET /api/swaps2/my 200 24ms", "request_id": "2f44a81b-6874-4b9e-9398-73cb65ae6ae0", "user_id": 0, "duration_ms": 24, "status_code": 200, "path": "/api/swaps2/my", "method": "GET"}
{"timestamp": "2026-04-21T03:19:37.459677+00:00", "level": "INFO", "logger": "ems", "message": "GET /api/courses/sections 200 24ms", "request_id": "d38d7aeb-5feb-4fc5-b8a2-f05fee8fbebe", "user_id": 0, "duration_ms": 24, "status_code": 200, "path": "/api/courses/sections", "method": "GET"}
{"timestamp": "2026-04-21T03:19:39.720284+00:00", "level": "INFO", "logger": "ems", "message": "GET /api/schedule/copy-count 200 20ms", "request_id": "fad21468-4e64-450a-b14f-40d4e461a730", "user_id": 0, "duration_ms": 20, "status_code": 200, "path": "/api/schedule/copy-count", "method": "GET"}
{"timestamp": "2026-04-21T03:19:46.289996+00:00", "level": "INFO", "logger": "ems", "message": "GET /api/workflow/session/ 200 15ms", "request_id": "4fb4297c-a18e-49ac-b34d-96ba235e96bd", "user_id": 0, "duration_ms": 15, "status_code": 200, "path": "/api/workflow/session/", "method": "GET"}
{"timestamp": "2026-04-21T03:19:46.307852+00:00", "level": "INFO", "logger": "ems", "message": "GET /api/workflow/session/signers 200 27ms", "request_id": "939fc9b8-fd5d-45e4-8910-0d812fa4b9bb", "user_id": 0, "duration_ms": 27, "status_code": 200, "path": "/api/workflow/session/signers", "method": "GET"}
{"timestamp": "2026-04-21T03:19:47.104772+00:00", "level": "INFO", "logger": "ems", "message": "GET /api/schedule/copy-count 200 17ms", "request_id": "f0170182-24ec-4027-ab16-3e44728ccf69", "user_id": 0, "duration_ms": 17, "status_code": 200, "path": "/api/schedule/copy-count", "method": "GET"}
{"timestamp": "2026-04-21T03:19:57.964786+00:00", "level": "INFO", "logger": "ems", "message": "GET /api/workflow/session/ 200 7ms", "request_id": "75f547b2-f78c-454c-b3ef-2fffbbb1bddf", "user_id": 0, "duration_ms": 7, "status_code": 200, "path": "/api/workflow/session/", "method": "GET"}
{"timestamp": "2026-04-21T03:19:57.971212+00:00", "level": "INFO", "logger": "ems", "message": "GET /api/workflow/session/signers 200 13ms", "request_id": "136347bc-944f-4688-9266-c86660d0d515", "user_id": 0, "duration_ms": 13, "status_code": 200, "path": "/api/workflow/session/signers", "method": "GET"}
{"timestamp": "2026-04-21T03:19:58.916760+00:00", "level": "INFO", "logger": "ems", "message": "GET /api/schedule/copy-count 200 18ms", "request_id": "72555beb-e39d-4876-a834-95bf513b29bc", "user_id": 0, "duration_ms": 18, "status_code": 200, "path": "/api/schedule/copy-count", "method": "GET"}
{"timestamp": "2026-04-21T03:22:03.868647+00:00", "level": "INFO", "logger": "ems", "message": "GET /api/workflow/session/ 200 11ms", "request_id": "8084f80c-6c15-4c5a-995c-df9c4ac40d08", "user_id": 0, "duration_ms": 11, "status_code": 200, "path": "/api/workflow/session/", "method": "GET"}
{"timestamp": "2026-04-21T03:22:03.873868+00:00", "level": "INFO", "logger": "ems", "message": "GET /api/workflow/session/signers 200 16ms", "request_id": "3f754917-710a-44c1-a269-48bb8469672e", "user_id": 0, "duration_ms": 16, "status_code": 200, "path": "/api/workflow/session/signers", "method": "GET"}
{"timestamp": "2026-04-21T03:28:33.154135+00:00", "level": "WARNING", "logger": "ems", "message": "GET /api/co-exam 404 1ms", "request_id": "d2cdbbb9-3d8a-427a-8ead-5dc94d0339e5", "user_id": 0, "duration_ms": 1, "status_code": 404, "path": "/api/co-exam", "method": "GET"}
{"timestamp": "2026-04-21T03:29:52.340299+00:00", "level": "WARNING", "logger": "ems", "message": "GET /api/external 404 1ms", "request_id": "76e7930a-da48-46bc-bd08-cd3d1ee2efb2", "user_id": 0, "duration_ms": 1, "status_code": 404, "path": "/api/external", "method": "GET"}
{"timestamp": "2026-04-21T03:35:41.507148+00:00", "level": "INFO", "logger": "ems", "message": "GET /api/import/sessions 200 21ms", "request_id": "b35786ef-1135-4895-8370-ccf4f6b045a5", "user_id": 0, "duration_ms": 21, "status_code": 200, "path": "/api/import/sessions", "method": "GET"}
{"timestamp": "2026-04-21T03:38:32.171044+00:00", "level": "WARNING", "logger": "ems", "message": "GET /api/period 404 1ms", "request_id": "650b967e-98a0-4c67-931f-f2ebaf86028e", "user_id": 0, "duration_ms": 1, "status_code": 404, "path": "/api/period", "method": "GET"}
{"timestamp": "2026-04-21T03:40:41.741775+00:00", "level": "WARNING", "logger": "ems", "message": "GET /api/settings 404 1ms", "request_id": "4dedf318-d872-4664-80fb-da6351c9490d", "user_id": 0, "duration_ms": 1, "status_code": 404, "path": "/api/settings", "method": "GET"}
{"timestamp": "2026-04-21T03:41:49.924652+00:00", "level": "WARNING", "logger": "ems", "message": "GET /api/users 404 0ms", "request_id": "72358c96-19c1-4e2e-a44e-b5e3c1db4333", "user_id": 0, "duration_ms": 0, "status_code": 404, "path": "/api/users", "method": "GET"}
{"timestamp": "2026-04-21T03:41:52.242946+00:00", "level": "WARNING", "logger": "ems", "message": "GET /api/users 404 0ms", "request_id": "fba3b21f-6dac-4916-94dd-39eab17ad8ef", "user_id": 0, "duration_ms": 0, "status_code": 404, "path": "/api/users", "method": "GET"}
{"timestamp": "2026-04-21T03:41:53.175377+00:00", "level": "WARNING", "logger": "ems", "message": "GET /api/users 404 1ms", "request_id": "27b22e46-2588-442f-9eaf-e79c19efff8c", "user_id": 0, "duration_ms": 1, "status_code": 404, "path": "/api/users", "method": "GET"}
{"timestamp": "2026-04-21T03:43:21.074876+00:00", "level": "INFO", "logger": "ems", "message": "GET /api/dashboard/analytics 200 24ms", "request_id": "7100510a-2c00-4f74-a6f2-b592df0fe4c3", "user_id": 0, "duration_ms": 24, "status_code": 200, "path": "/api/dashboard/analytics", "method": "GET"}
{"timestamp": "2026-04-21T03:43:21.079539+00:00", "level": "INFO", "logger": "ems", "message": "GET /api/dashboard/ 200 33ms", "request_id": "b76ad2f5-68ae-4320-9100-8d7fe783e20f", "user_id": 0, "duration_ms": 33, "status_code": 200, "path": "/api/dashboard/", "method": "GET"}
{"timestamp": "2026-04-21T04:01:13.391820+00:00", "level": "INFO", "logger": "ems", "message": "AUDIT: VIEW_AS_CHANGE", "request_id": "cd57d617-a3ac-48e3-b067-2c7830c5f389", "user_id": 0, "action": "VIEW_AS_CHANGE"}
{"timestamp": "2026-04-21T04:01:13.393131+00:00", "level": "INFO", "logger": "ems", "message": "POST /api/auth/view-as 200 31ms", "request_id": "cd57d617-a3ac-48e3-b067-2c7830c5f389", "user_id": 0, "duration_ms": 31, "status_code": 200, "path": "/api/auth/view-as", "method": "POST"}
{"timestamp": "2026-04-21T04:01:13.622448+00:00", "level": "INFO", "logger": "ems", "message": "GET /api/auth/me 200 11ms", "request_id": "29261beb-db03-4d79-a06c-5508a43681ee", "user_id": 0, "duration_ms": 11, "status_code": 200, "path": "/api/auth/me", "method": "GET"}
{"timestamp": "2026-04-21T04:01:13.733054+00:00", "level": "INFO", "logger": "ems", "message": "GET /api/period/active 200 7ms", "request_id": "9cd584dc-f0e0-4b74-b994-961adbfe8d25", "user_id": 0, "duration_ms": 7, "status_code": 200, "path": "/api/period/active", "method": "GET"}
{"timestamp": "2026-04-21T04:01:17.996757+00:00", "level": "INFO", "logger": "ems", "message": "GET /api/dashboard/ 200 10ms", "request_id": "d5383199-a1ed-4e4e-81ec-d54aec8632ca", "user_id": 0, "duration_ms": 10, "status_code": 200, "path": "/api/dashboard/", "method": "GET"}
{"timestamp": "2026-04-21T04:01:29.274586+00:00", "level": "INFO", "logger": "ems", "message": "GET /api/courses/rooms 200 4ms", "request_id": "66e2bf81-55e7-4426-8d8c-18233e43183f", "user_id": 0, "duration_ms": 4, "status_code": 200, "path": "/api/courses/rooms", "method": "GET"}
{"timestamp": "2026-04-21T04:01:29.283056+00:00", "level": "WARNING", "logger": "ems", "message": "GET /api/schedule 404 0ms", "request_id": "633f8e3f-e38f-47ab-8b36-7b095982f859", "user_id": 0, "duration_ms": 0, "status_code": 404, "path": "/api/schedule", "method": "GET"}
{"timestamp": "2026-04-21T04:01:29.868749+00:00", "level": "WARNING", "logger": "ems", "message": "GET /api/submissions 404 1ms", "request_id": "938d0eaa-f28e-4573-94a0-30d77f141042", "user_id": 0, "duration_ms": 1, "status_code": 404, "path": "/api/submissions", "method": "GET"}
{"timestamp": "2026-04-21T04:01:31.059823+00:00", "level": "WARNING", "logger": "ems", "message": "GET /api/schedule 404 1ms", "request_id": "7284993d-f9fa-499d-9002-866327dde03c", "user_id": 0, "duration_ms": 1, "status_code": 404, "path": "/api/schedule", "method": "GET"}
{"timestamp": "2026-04-21T04:01:33.079767+00:00", "level": "INFO", "logger": "ems", "message": "GET /api/courses/sections 200 12ms", "request_id": "95b1c850-cbb4-4597-8d09-cb7be50a041c", "user_id": 0, "duration_ms": 12, "status_code": 200, "path": "/api/courses/sections", "method": "GET"}
{"timestamp": "2026-04-21T04:01:34.920640+00:00", "level": "INFO", "logger": "ems", "message": "GET /api/workflow/session/ 200 24ms", "request_id": "edc232f4-837f-4b46-bab9-53a6583f968c", "user_id": 0, "duration_ms": 24, "status_code": 200, "path": "/api/workflow/session/", "method": "GET"}
{"timestamp": "2026-04-21T04:01:34.926490+00:00", "level": "INFO", "logger": "ems", "message": "GET /api/workflow/session/signers 200 22ms", "request_id": "a3c83bd3-0099-4ae1-a5a1-65b8148e599e", "user_id": 0, "duration_ms": 22, "status_code": 200, "path": "/api/workflow/session/signers", "method": "GET"}
{"timestamp": "2026-04-21T04:01:37.210784+00:00", "level": "WARNING", "logger": "ems", "message": "GET /api/settings 404 0ms", "request_id": "973244b3-cd75-4811-b182-7fa5af4f110b", "user_id": 0, "duration_ms": 0, "status_code": 404, "path": "/api/settings", "method": "GET"}
{"timestamp": "2026-04-21T04:02:30.778519+00:00", "level": "INFO", "logger": "ems", "message": "GET /api/workflow/session/ 200 8ms", "request_id": "9e257811-b187-4d5f-8f83-19a658e2dfd5", "user_id": 0, "duration_ms": 8, "status_code": 200, "path": "/api/workflow/session/", "method": "GET"}
{"timestamp": "2026-04-21T04:02:30.781546+00:00", "level": "INFO", "logger": "ems", "message": "GET /api/workflow/session/signers 200 10ms", "request_id": "3964a3ed-6d97-4798-8121-ed276fe77f9b", "user_id": 0, "duration_ms": 10, "status_code": 200, "path": "/api/workflow/session/signers", "method": "GET"}
{"timestamp": "2026-04-21T04:03:02.074599+00:00", "level": "INFO", "logger": "ems", "message": "GET /api/courses/sections 200 13ms", "request_id": "0e4d3486-e62d-4164-9954-dac17b131b8b", "user_id": 0, "duration_ms": 13, "status_code": 200, "path": "/api/courses/sections", "method": "GET"}
{"timestamp": "2026-04-21T04:03:06.394315+00:00", "level": "WARNING", "logger": "ems", "message": "GET /api/schedule 404 1ms", "request_id": "4be2afa4-3069-4ed1-9259-4d579bd39c1a", "user_id": 0, "duration_ms": 1, "status_code": 404, "path": "/api/schedule", "method": "GET"}
{"timestamp": "2026-04-21T04:03:08.328376+00:00", "level": "WARNING", "logger": "ems", "message": "GET /api/submissions 404 0ms", "request_id": "b1adbac6-bada-4950-a4ec-9b41c9e78d53", "user_id": 0, "duration_ms": 0, "status_code": 404, "path": "/api/submissions", "method": "GET"}
{"timestamp": "2026-04-21T04:03:10.027141+00:00", "level": "WARNING", "logger": "ems", "message": "GET /api/schedule 404 1ms", "request_id": "418476c2-5ece-4f53-a342-2a412725bb7a", "user_id": 0, "duration_ms": 1, "status_code": 404, "path": "/api/schedule", "method": "GET"}
{"timestamp": "2026-04-21T04:03:11.202241+00:00", "level": "INFO", "logger": "ems", "message": "GET /api/courses/rooms 200 7ms", "request_id": "97980f7a-3ffd-4623-b30b-5156c0e57f1f", "user_id": 0, "duration_ms": 7, "status_code": 200, "path": "/api/courses/rooms", "method": "GET"}
{"timestamp": "2026-04-21T04:03:11.512495+00:00", "level": "WARNING", "logger": "ems", "message": "GET /api/schedule 404 1ms", "request_id": "b234626b-a822-487f-8fe4-8da4c296c01e", "user_id": 0, "duration_ms": 1, "status_code": 404, "path": "/api/schedule", "method": "GET"}
{"timestamp": "2026-04-21T04:03:14.543820+00:00", "level": "WARNING", "logger": "ems", "message": "GET /api/submissions 404 1ms", "request_id": "ff088abb-cf3f-4a14-bd73-4a025e8d393f", "user_id": 0, "duration_ms": 1, "status_code": 404, "path": "/api/submissions", "method": "GET"}
{"timestamp": "2026-04-21T04:03:19.607560+00:00", "level": "INFO", "logger": "ems", "message": "GET /api/courses/rooms 200 3ms", "request_id": "4d5ee403-5613-4746-9560-4989f6ef0880", "user_id": 0, "duration_ms": 3, "status_code": 200, "path": "/api/courses/rooms", "method": "GET"}
{"timestamp": "2026-04-21T04:03:19.912352+00:00", "level": "WARNING", "logger": "ems", "message": "GET /api/schedule 404 1ms", "request_id": "ac6ff4d5-769c-48e6-9b59-734b7db51bd6", "user_id": 0, "duration_ms": 1, "status_code": 404, "path": "/api/schedule", "method": "GET"}
{"timestamp": "2026-04-21T04:03:21.403503+00:00", "level": "WARNING", "logger": "ems", "message": "GET /api/schedule 404 0ms", "request_id": "72440e70-d78c-4f30-9be7-0c228b62b3ae", "user_id": 0, "duration_ms": 0, "status_code": 404, "path": "/api/schedule", "method": "GET"}
{"timestamp": "2026-04-21T04:03:22.513518+00:00", "level": "WARNING", "logger": "ems", "message": "GET /api/submissions 404 0ms", "request_id": "59081534-96c7-4dd7-856a-1e2a6980c374", "user_id": 0, "duration_ms": 0, "status_code": 404, "path": "/api/submissions", "method": "GET"}
{"timestamp": "2026-04-21T04:03:23.473526+00:00", "level": "WARNING", "logger": "ems", "message": "GET /api/schedule 404 1ms", "request_id": "46e5b479-585b-4ac2-b4d7-4f83bc68a0d8", "user_id": 0, "duration_ms": 1, "status_code": 404, "path": "/api/schedule", "method": "GET"}
{"timestamp": "2026-04-21T04:03:23.479297+00:00", "level": "INFO", "logger": "ems", "message": "GET /api/courses/rooms 200 4ms", "request_id": "b7d63cff-71c2-40bd-9862-dec387ea8bd6", "user_id": 0, "duration_ms": 4, "status_code": 200, "path": "/api/courses/rooms", "method": "GET"}
{"timestamp": "2026-04-21T04:03:23.723453+00:00", "level": "INFO", "logger": "ems", "message": "GET /api/dashboard/ 200 13ms", "request_id": "e2ec1442-0095-44ca-ad64-3523e717ff15", "user_id": 0, "duration_ms": 13, "status_code": 200, "path": "/api/dashboard/", "method": "GET"}
{"timestamp": "2026-04-21T04:04:07.548630+00:00", "level": "INFO", "logger": "ems", "message": "AUDIT: VIEW_AS_CHANGE", "request_id": "92192500-c9c2-4bff-a2dd-f667c030646f", "user_id": 0, "action": "VIEW_AS_CHANGE"}
{"timestamp": "2026-04-21T04:04:07.549693+00:00", "level": "INFO", "logger": "ems", "message": "POST /api/auth/view-as 200 15ms", "request_id": "92192500-c9c2-4bff-a2dd-f667c030646f", "user_id": 0, "duration_ms": 15, "status_code": 200, "path": "/api/auth/view-as", "method": "POST"}
{"timestamp": "2026-04-21T04:04:07.874133+00:00", "level": "INFO", "logger": "ems", "message": "GET /api/auth/me 200 3ms", "request_id": "6389e681-dc96-47a4-804f-659eb6a4e0a2", "user_id": 0, "duration_ms": 3, "status_code": 200, "path": "/api/auth/me", "method": "GET"}
{"timestamp": "2026-04-21T04:04:08.139614+00:00", "level": "INFO", "logger": "ems", "message": "GET /api/period/active 200 3ms", "request_id": "11014fa7-40ce-49ea-a02c-8ad16aff64e2", "user_id": 0, "duration_ms": 3, "status_code": 200, "path": "/api/period/active", "method": "GET"}
{"timestamp": "2026-04-21T04:04:15.871475+00:00", "level": "INFO", "logger": "ems", "message": "AUDIT: VIEW_AS_CHANGE", "request_id": "6a476883-d252-4dfa-b62f-50a6d980ee40", "user_id": 0, "action": "VIEW_AS_CHANGE"}
{"timestamp": "2026-04-21T04:04:15.872557+00:00", "level": "INFO", "logger": "ems", "message": "POST /api/auth/view-as 200 17ms", "request_id": "6a476883-d252-4dfa-b62f-50a6d980ee40", "user_id": 0, "duration_ms": 17, "status_code": 200, "path": "/api/auth/view-as", "method": "POST"}
{"timestamp": "2026-04-21T04:04:16.202154+00:00", "level": "INFO", "logger": "ems", "message": "GET /api/auth/me 200 10ms", "request_id": "1510757a-ba51-42c7-8714-13fbb8401748", "user_id": 0, "duration_ms": 10, "status_code": 200, "path": "/api/auth/me", "method": "GET"}
{"timestamp": "2026-04-21T04:04:16.449041+00:00", "level": "INFO", "logger": "ems", "message": "GET /api/period/active 200 7ms", "request_id": "edd4d115-2298-444d-8746-cf13de05db36", "user_id": 0, "duration_ms": 7, "status_code": 200, "path": "/api/period/active", "method": "GET"}
{"timestamp": "2026-04-21T04:04:26.116697+00:00", "level": "INFO", "logger": "ems", "message": "GET /api/dashboard/ 200 10ms", "request_id": "6dac8b0a-544c-4bd9-8bf0-f564a1b5bbcd", "user_id": 0, "duration_ms": 10, "status_code": 200, "path": "/api/dashboard/", "method": "GET"}
{"timestamp": "2026-04-21T04:04:43.195716+00:00", "level": "WARNING", "logger": "ems", "message": "GET /api/schedule 404 1ms", "request_id": "0c41a51f-7f46-4a2f-b3a1-fd40ba49824e", "user_id": 0, "duration_ms": 1, "status_code": 404, "path": "/api/schedule", "method": "GET"}
{"timestamp": "2026-04-21T04:04:43.210014+00:00", "level": "INFO", "logger": "ems", "message": "GET /api/courses/rooms 200 16ms", "request_id": "01c0aa4f-e1ce-4db0-a940-d2a6a48d16b2", "user_id": 0, "duration_ms": 16, "status_code": 200, "path": "/api/courses/rooms", "method": "GET"}
{"timestamp": "2026-04-21T04:04:43.760302+00:00", "level": "WARNING", "logger": "ems", "message": "GET /api/submissions 404 0ms", "request_id": "70c86cf6-1d63-45cd-9801-7c0e90889193", "user_id": 0, "duration_ms": 0, "status_code": 404, "path": "/api/submissions", "method": "GET"}
{"timestamp": "2026-04-21T04:04:44.924389+00:00", "level": "WARNING", "logger": "ems", "message": "GET /api/schedule 404 0ms", "request_id": "3acb96e1-bae2-4c2b-949d-2b8ec5f52f93", "user_id": 0, "duration_ms": 0, "status_code": 404, "path": "/api/schedule", "method": "GET"}
{"timestamp": "2026-04-21T04:04:45.835070+00:00", "level": "WARNING", "logger": "ems", "message": "GET /api/schedule 404 0ms", "request_id": "f2a7aba9-7209-4009-bccc-7f44bdd861d6", "user_id": 0, "duration_ms": 0, "status_code": 404, "path": "/api/schedule", "method": "GET"}
{"timestamp": "2026-04-21T04:04:46.797946+00:00", "level": "INFO", "logger": "ems", "message": "GET /api/swaps2/my 200 24ms", "request_id": "fa9d6855-cc14-4cb2-8604-3e68c20fa694", "user_id": 0, "duration_ms": 24, "status_code": 200, "path": "/api/swaps2/my", "method": "GET"}
{"timestamp": "2026-04-21T04:04:46.801339+00:00", "level": "INFO", "logger": "ems", "message": "GET /api/swaps2/waiting 200 28ms", "request_id": "f2966187-e73e-4078-adf8-05ac48fcff7b", "user_id": 0, "duration_ms": 28, "status_code": 200, "path": "/api/swaps2/waiting", "method": "GET"}
{"timestamp": "2026-04-21T04:04:49.445532+00:00", "level": "INFO", "logger": "ems", "message": "GET /api/dashboard/ 200 9ms", "request_id": "f9d38dae-3e4f-4356-b078-9d1dd611f31c", "user_id": 0, "duration_ms": 9, "status_code": 200, "path": "/api/dashboard/", "method": "GET"}
{"timestamp": "2026-04-21T04:11:56.458070+00:00", "level": "INFO", "logger": "ems", "message": "AUDIT: VIEW_AS_CHANGE", "request_id": "6bec4166-ab62-4cbd-b61c-3c3258e21281", "user_id": 0, "action": "VIEW_AS_CHANGE"}
{"timestamp": "2026-04-21T04:11:56.458937+00:00", "level": "INFO", "logger": "ems", "message": "POST /api/auth/view-as 200 32ms", "request_id": "6bec4166-ab62-4cbd-b61c-3c3258e21281", "user_id": 0, "duration_ms": 32, "status_code": 200, "path": "/api/auth/view-as", "method": "POST"}
{"timestamp": "2026-04-21T04:11:56.685261+00:00", "level": "INFO", "logger": "ems", "message": "GET /api/auth/me 200 9ms", "request_id": "6fc946a1-bc6f-4773-87b1-f501329a32f9", "user_id": 0, "duration_ms": 9, "status_code": 200, "path": "/api/auth/me", "method": "GET"}
{"timestamp": "2026-04-21T04:11:56.778104+00:00", "level": "INFO", "logger": "ems", "message": "GET /api/period/active 200 6ms", "request_id": "6c7831b2-5c4d-4805-878f-d21d26c9b66f", "user_id": 0, "duration_ms": 6, "status_code": 200, "path": "/api/period/active", "method": "GET"}
{"timestamp": "2026-04-21T04:12:01.222796+00:00", "level": "INFO", "logger": "ems", "message": "GET /api/schedule/copy-count 200 18ms", "request_id": "48108270-357c-459a-a67f-36f029b703f8", "user_id": 0, "duration_ms": 18, "status_code": 200, "path": "/api/schedule/copy-count", "method": "GET"}
{"timestamp": "2026-04-21T04:12:10.347035+00:00", "level": "INFO", "logger": "ems", "message": "GET /api/dashboard/ 200 18ms", "request_id": "5958a540-3499-4345-9b40-022bf2477d01", "user_id": 0, "duration_ms": 18, "status_code": 200, "path": "/api/dashboard/", "method": "GET"}
{"timestamp": "2026-04-21T04:12:11.035667+00:00", "level": "INFO", "logger": "ems", "message": "GET /api/courses/rooms 200 8ms", "request_id": "420b3665-dbd8-4dd9-8857-695ed02eb43a", "user_id": 0, "duration_ms": 8, "status_code": 200, "path": "/api/courses/rooms", "method": "GET"}
{"timestamp": "2026-04-21T04:12:11.345326+00:00", "level": "WARNING", "logger": "ems", "message": "GET /api/schedule 404 1ms", "request_id": "0be08a35-8d5c-4d68-a221-dda54cf0c35d", "user_id": 0, "duration_ms": 1, "status_code": 404, "path": "/api/schedule", "method": "GET"}
{"timestamp": "2026-04-21T04:12:12.211472+00:00", "level": "WARNING", "logger": "ems", "message": "GET /api/schedule 404 1ms", "request_id": "ddc814dc-64c1-40ed-a7d7-9ffa7190f6c3", "user_id": 0, "duration_ms": 1, "status_code": 404, "path": "/api/schedule", "method": "GET"}
{"timestamp": "2026-04-21T04:12:12.786725+00:00", "level": "WARNING", "logger": "ems", "message": "GET /api/schedule 404 0ms", "request_id": "c550dccf-71cd-4dac-986f-cab98fcb50ac", "user_id": 0, "duration_ms": 0, "status_code": 404, "path": "/api/schedule", "method": "GET"}
{"timestamp": "2026-04-21T04:12:13.678577+00:00", "level": "INFO", "logger": "ems", "message": "GET /api/swaps2/my 200 13ms", "request_id": "c30aab3f-fbfa-4ea7-9610-01a0132b086c", "user_id": 0, "duration_ms": 13, "status_code": 200, "path": "/api/swaps2/my", "method": "GET"}
{"timestamp": "2026-04-21T04:12:13.682220+00:00", "level": "INFO", "logger": "ems", "message": "GET /api/swaps2/waiting 200 16ms", "request_id": "644f3042-1938-4ac8-aa6f-263d38d172fb", "user_id": 0, "duration_ms": 16, "status_code": 200, "path": "/api/swaps2/waiting", "method": "GET"}
{"timestamp": "2026-04-21T04:12:15.098619+00:00", "level": "INFO", "logger": "ems", "message": "GET /api/schedule/copy-count 200 25ms", "request_id": "1dc81f62-1e70-4bd1-817f-ece729d2642d", "user_id": 0, "duration_ms": 25, "status_code": 200, "path": "/api/schedule/copy-count", "method": "GET"}
{"timestamp": "2026-04-21T04:12:52.460759+00:00", "level": "INFO", "logger": "ems", "message": "AUDIT: VIEW_AS_CHANGE", "request_id": "832e8f0b-ed60-40bc-9218-4461a092a311", "user_id": 0, "action": "VIEW_AS_CHANGE"}
{"timestamp": "2026-04-21T04:12:52.463258+00:00", "level": "INFO", "logger": "ems", "message": "POST /api/auth/view-as 200 35ms", "request_id": "832e8f0b-ed60-40bc-9218-4461a092a311", "user_id": 0, "duration_ms": 35, "status_code": 200, "path": "/api/auth/view-as", "method": "POST"}
{"timestamp": "2026-04-21T04:12:52.692194+00:00", "level": "INFO", "logger": "ems", "message": "GET /api/auth/me 200 2ms", "request_id": "3d8f9dcf-ed35-4cbd-ad7d-58f84f44b27b", "user_id": 0, "duration_ms": 2, "status_code": 200, "path": "/api/auth/me", "method": "GET"}
{"timestamp": "2026-04-21T04:12:52.784190+00:00", "level": "INFO", "logger": "ems", "message": "GET /api/period/active 200 3ms", "request_id": "169405c3-3221-44cc-a4ed-f7f9cadaaad8", "user_id": 0, "duration_ms": 3, "status_code": 200, "path": "/api/period/active", "method": "GET"}
{"timestamp": "2026-04-21T04:12:54.667313+00:00", "level": "WARNING", "logger": "ems", "message": "GET /api/submissions 404 0ms", "request_id": "b2cada7d-9570-495f-9b7a-e40f9e1ddc25", "user_id": 0, "duration_ms": 0, "status_code": 404, "path": "/api/submissions", "method": "GET"}
{"timestamp": "2026-04-21T04:13:19.742202+00:00", "level": "INFO", "logger": "ems", "message": "GET /api/exam-manager/my-sections 200 25ms", "request_id": "241688c6-934b-44d7-85ee-0e6dad8913ce", "user_id": 0, "duration_ms": 25, "status_code": 200, "path": "/api/exam-manager/my-sections", "method": "GET"}
{"timestamp": "2026-04-21T04:13:21.273327+00:00", "level": "INFO", "logger": "ems", "message": "GET /api/courses/sections 200 39ms", "request_id": "ffc69aef-8c81-4377-8afc-c0afc5ab5a26", "user_id": 0, "duration_ms": 39, "status_code": 200, "path": "/api/courses/sections", "method": "GET"}
{"timestamp": "2026-04-21T04:13:22.669107+00:00", "level": "INFO", "logger": "ems", "message": "GET /api/exam-manager/my-sections 200 13ms", "request_id": "7f8d18c4-3a70-4493-8569-7173e8afc431", "user_id": 0, "duration_ms": 13, "status_code": 200, "path": "/api/exam-manager/my-sections", "method": "GET"}
{"timestamp": "2026-04-21T04:13:23.195739+00:00", "level": "INFO", "logger": "ems", "message": "GET /api/courses/sections 200 8ms", "request_id": "bcb74ece-b8a3-4108-8687-f857ca82afb3", "user_id": 0, "duration_ms": 8, "status_code": 200, "path": "/api/courses/sections", "method": "GET"}
{"timestamp": "2026-04-21T04:13:28.119075+00:00", "level": "INFO", "logger": "ems", "message": "GET /api/exam-manager/my-sections 200 10ms", "request_id": "902f4d0a-54f3-40fd-b268-4a540fa94265", "user_id": 0, "duration_ms": 10, "status_code": 200, "path": "/api/exam-manager/my-sections", "method": "GET"}
{"timestamp": "2026-04-21T04:13:32.404717+00:00", "level": "INFO", "logger": "ems", "message": "GET /api/courses/sections 200 8ms", "request_id": "ee2d5b0f-46a6-435f-90c3-ca738bdda247", "user_id": 0, "duration_ms": 8, "status_code": 200, "path": "/api/courses/sections", "method": "GET"}
{"timestamp": "2026-04-21T04:29:10.978084+00:00", "level": "INFO", "logger": "ems", "message": "AUDIT: VIEW_AS_CHANGE", "request_id": "44c9098e-aca7-4093-a94a-3e497f9482af", "user_id": 0, "action": "VIEW_AS_CHANGE"}
{"timestamp": "2026-04-21T04:29:10.981532+00:00", "level": "INFO", "logger": "ems", "message": "POST /api/auth/view-as 200 23ms", "request_id": "44c9098e-aca7-4093-a94a-3e497f9482af", "user_id": 0, "duration_ms": 23, "status_code": 200, "path": "/api/auth/view-as", "method": "POST"}
{"timestamp": "2026-04-21T04:29:11.214833+00:00", "level": "INFO", "logger": "ems", "message": "GET /api/auth/me 200 7ms", "request_id": "4370d967-752e-4a2c-95a0-8b46db8a5a34", "user_id": 0, "duration_ms": 7, "status_code": 200, "path": "/api/auth/me", "method": "GET"}
{"timestamp": "2026-04-21T04:29:11.321704+00:00", "level": "INFO", "logger": "ems", "message": "GET /api/period/active 200 12ms", "request_id": "448569ee-c2b7-4d21-a3a4-ffedb1cf2aad", "user_id": 0, "duration_ms": 12, "status_code": 200, "path": "/api/period/active", "method": "GET"}
{"timestamp": "2026-04-21T04:29:14.311940+00:00", "level": "INFO", "logger": "ems", "message": "AUDIT: VIEW_AS_CHANGE", "request_id": "a6f96dbd-276c-4344-9ade-923a59619b73", "user_id": 0, "action": "VIEW_AS_CHANGE"}
{"timestamp": "2026-04-21T04:29:14.313087+00:00", "level": "INFO", "logger": "ems", "message": "POST /api/auth/view-as 200 17ms", "request_id": "a6f96dbd-276c-4344-9ade-923a59619b73", "user_id": 0, "duration_ms": 17, "status_code": 200, "path": "/api/auth/view-as", "method": "POST"}
{"timestamp": "2026-04-21T04:29:14.626094+00:00", "level": "INFO", "logger": "ems", "message": "GET /api/auth/me 200 3ms", "request_id": "768eb911-fdd2-490e-a7b0-f9ee63a8cf08", "user_id": 0, "duration_ms": 3, "status_code": 200, "path": "/api/auth/me", "method": "GET"}
{"timestamp": "2026-04-21T04:29:14.895657+00:00", "level": "INFO", "logger": "ems", "message": "GET /api/period/active 200 4ms", "request_id": "452e99f9-f883-413b-863e-7f8d64bc2ec8", "user_id": 0, "duration_ms": 4, "status_code": 200, "path": "/api/period/active", "method": "GET"}
{"timestamp": "2026-04-21T04:29:15.969048+00:00", "level": "INFO", "logger": "ems", "message": "GET /api/printing/queue 200 8ms", "request_id": "2c6965d8-e5ea-43d0-8c16-ac0216ab74d7", "user_id": 0, "duration_ms": 8, "status_code": 200, "path": "/api/printing/queue", "method": "GET"}
{"timestamp": "2026-04-21T04:29:16.298010+00:00", "level": "INFO", "logger": "ems", "message": "GET /api/schedule/copy-count 200 21ms", "request_id": "83ddf1a4-7570-4cbb-b895-6768339f481a", "user_id": 0, "duration_ms": 21, "status_code": 200, "path": "/api/schedule/copy-count", "method": "GET"}
{"timestamp": "2026-04-21T04:57:58.347680+00:00", "level": "INFO", "logger": "ems", "message": "AUDIT: VIEW_AS_CHANGE", "request_id": "b78b0ffc-a4b6-42f4-828d-fcbffe38a67c", "user_id": 0, "action": "VIEW_AS_CHANGE"}
{"timestamp": "2026-04-21T04:57:58.348768+00:00", "level": "INFO", "logger": "ems", "message": "POST /api/auth/view-as 200 11ms", "request_id": "b78b0ffc-a4b6-42f4-828d-fcbffe38a67c", "user_id": 0, "duration_ms": 11, "status_code": 200, "path": "/api/auth/view-as", "method": "POST"}
{"timestamp": "2026-04-21T04:57:58.607591+00:00", "level": "INFO", "logger": "ems", "message": "GET /api/auth/me 200 3ms", "request_id": "bf6b45e5-c3a3-4e8c-a713-6d7d1895b7cc", "user_id": 0, "duration_ms": 3, "status_code": 200, "path": "/api/auth/me", "method": "GET"}
{"timestamp": "2026-04-21T04:57:58.675075+00:00", "level": "INFO", "logger": "ems", "message": "GET /api/period/active 200 3ms", "request_id": "54370ee9-32b4-4fd9-9f6b-c9bac35a5d66", "user_id": 0, "duration_ms": 3, "status_code": 200, "path": "/api/period/active", "method": "GET"}
{"timestamp": "2026-04-21T04:57:59.715005+00:00", "level": "INFO", "logger": "ems", "message": "GET /api/dashboard/ 200 16ms", "request_id": "57ad7fa2-d05c-4167-a5cc-fb7080716481", "user_id": 0, "duration_ms": 16, "status_code": 200, "path": "/api/dashboard/", "method": "GET"}
{"timestamp": "2026-04-21T04:58:00.019145+00:00", "level": "INFO", "logger": "ems", "message": "GET /api/dashboard/analytics 200 12ms", "request_id": "e8c53d8e-e675-446a-8d5f-506af08ef7f8", "user_id": 0, "duration_ms": 12, "status_code": 200, "path": "/api/dashboard/analytics", "method": "GET"}
